#-----------------------------------------------------------
# Vivado v2017.2 (64-bit)
# SW Build 1909853 on Thu Jun 15 18:39:10 MDT 2017
# IP Build 1909766 on Thu Jun 15 19:58:00 MDT 2017
# Start of session at: Wed Apr 24 10:43:55 2019
# Process ID: 20241
# Current directory: /home/austin/ECE1373_GhostSynth/modules/echo/Echo/solution1/impl/ip
# Command line: vivado -notrace -mode batch -source run_ippack.tcl
# Log file: /home/austin/ECE1373_GhostSynth/modules/echo/Echo/solution1/impl/ip/vivado.log
# Journal file: /home/austin/ECE1373_GhostSynth/modules/echo/Echo/solution1/impl/ip/vivado.jou
#-----------------------------------------------------------
source run_ippack.tcl -notrace
INFO: [IP_Flow 19-234] Refreshing IP repositories
INFO: [IP_Flow 19-1704] No user IP repositories specified
INFO: [IP_Flow 19-2313] Loaded Vivado IP repository '/home/austin/Desktop/Vivado/2017.2/data/ip'.
INFO: [IP_Flow 19-1686] Generating 'Synthesis' target for IP 'Echo_ap_fpext_0_no_dsp_32'...
INFO: [IP_Flow 19-1686] Generating 'Simulation' target for IP 'Echo_ap_fpext_0_no_dsp_32'...
WARNING: [IP_Flow 19-4832] The IP name 'Echo_ap_sitodp_4_no_dsp_32' you have specified is long. The Windows operating system has path length limitations. It is recommended you use shorter names to reduce the likelihood of issues.
INFO: [IP_Flow 19-1686] Generating 'Synthesis' target for IP 'Echo_ap_sitodp_4_no_dsp_32'...
INFO: [IP_Flow 19-1686] Generating 'Simulation' target for IP 'Echo_ap_sitodp_4_no_dsp_32'...
WARNING: [IP_Flow 19-4832] The IP name 'Echo_ap_dadd_3_full_dsp_64' you have specified is long. The Windows operating system has path length limitations. It is recommended you use shorter names to reduce the likelihood of issues.
INFO: [IP_Flow 19-1686] Generating 'Synthesis' target for IP 'Echo_ap_dadd_3_full_dsp_64'...
INFO: [IP_Flow 19-1686] Generating 'Simulation' target for IP 'Echo_ap_dadd_3_full_dsp_64'...
WARNING: [IP_Flow 19-4832] The IP name 'Echo_ap_fptrunc_0_no_dsp_64' you have specified is long. The Windows operating system has path length limitations. It is recommended you use shorter names to reduce the likelihood of issues.
INFO: [IP_Flow 19-1686] Generating 'Synthesis' target for IP 'Echo_ap_fptrunc_0_no_dsp_64'...
INFO: [IP_Flow 19-1686] Generating 'Simulation' target for IP 'Echo_ap_fptrunc_0_no_dsp_64'...
INFO: [IP_Flow 19-1686] Generating 'Synthesis' target for IP 'Echo_ap_dmul_4_max_dsp_64'...
INFO: [IP_Flow 19-1686] Generating 'Simulation' target for IP 'Echo_ap_dmul_4_max_dsp_64'...
WARNING: [IP_Flow 19-4832] The IP name 'Echo_ap_fadd_3_full_dsp_32' you have specified is long. The Windows operating system has path length limitations. It is recommended you use shorter names to reduce the likelihood of issues.
INFO: [IP_Flow 19-1686] Generating 'Synthesis' target for IP 'Echo_ap_fadd_3_full_dsp_32'...
INFO: [IP_Flow 19-1686] Generating 'Simulation' target for IP 'Echo_ap_fadd_3_full_dsp_32'...
INFO: [IP_Flow 19-234] Refreshing IP repositories
INFO: [IP_Flow 19-1704] No user IP repositories specified
INFO: [IP_Flow 19-2313] Loaded Vivado IP repository '/home/austin/Desktop/Vivado/2017.2/data/ip'.
INFO: [Common 17-206] Exiting Vivado at Wed Apr 24 10:44:14 2019...
