

================================================================
== Vivado HLS Report for 'Echo'
================================================================
* Date:           Sun Apr 28 11:54:17 2019

* Version:        2017.2 (Build 1909853 on Thu Jun 15 18:55:24 MDT 2017)
* Project:        Echo
* Solution:       solution1
* Product family: zynq
* Target device:  xc7z100ffg900-1


================================================================
== Performance Estimates
================================================================
+ Timing (ns): 
    * Summary: 
    +--------+-------+----------+------------+
    |  Clock | Target| Estimated| Uncertainty|
    +--------+-------+----------+------------+
    |ap_clk  |  10.00|      8.51|        1.25|
    +--------+-------+----------+------------+

+ Latency (clock cycles): 
    * Summary: 
    +-----+-----+-----+-----+---------+
    |  Latency  |  Interval | Pipeline|
    | min | max | min | max |   Type  |
    +-----+-----+-----+-----+---------+
    |   13|   47|   14|   48|   none  |
    +-----+-----+-----+-----+---------+

    + Detail: 
        * Instance: 
        N/A

        * Loop: 
        N/A

============================================================
+ Verbose Summary: Synthesis Manager
============================================================
InlineROM: 1
ExposeGlobal: 0
============================================================
+ Verbose Summary: CDFG Model
============================================================
IsTopModel: 1
ResetActiveHigh: 1
IsCombinational: 0
IsDatapathOnly: 0
HasWiredReturn: 1
HasMFsm: 0
HasVarLatency: 1
IsPipeline: 0
IsRtlPipelined: 0
IsInstanceOverlapped: 0
IsDontTouch: 0
HasImplIP: 0
IsGatedGlobalClock: 0


============================================================
+ Verbose Summary: Schedule
============================================================
* Number of FSM states: 48
* Pipeline: 0
* Dataflow Pipeline: 0

* FSM state transitions: 
1 --> 
	2  / true
2 --> 
	3  / (!tmp_4)
	37  / (tmp_4)
3 --> 
	4  / true
4 --> 
	5  / true
5 --> 
	6  / true
6 --> 
	7  / true
7 --> 
	8  / true
8 --> 
	9  / true
9 --> 
	10  / true
10 --> 
	11  / true
11 --> 
	12  / true
12 --> 
	13  / true
13 --> 
	14  / true
14 --> 
	15  / true
15 --> 
	16  / true
16 --> 
	17  / true
17 --> 
	18  / true
18 --> 
	19  / true
19 --> 
	20  / true
20 --> 
	21  / true
21 --> 
	22  / true
22 --> 
	23  / true
23 --> 
	24  / true
24 --> 
	25  / true
25 --> 
	26  / true
26 --> 
	27  / true
27 --> 
	28  / true
28 --> 
	29  / true
29 --> 
	30  / true
30 --> 
	31  / true
31 --> 
	32  / true
32 --> 
	33  / true
33 --> 
	34  / true
34 --> 
	35  / true
35 --> 
	36  / true
36 --> 
	37  / true
37 --> 
	38  / true
38 --> 
	39  / true
39 --> 
	40  / true
40 --> 
	41  / true
41 --> 
	42  / true
42 --> 
	43  / true
43 --> 
	44  / true
44 --> 
	45  / true
45 --> 
	46  / true
46 --> 
	47  / true
47 --> 
	48  / true
48 --> 
* FSM state operations: 

 <State 1>: 5.49ns
ST_1: StgValue_49 (11)  [1/1] 0.00ns
:0  call void (...)* @_ssdm_op_SpecBitsMap(float* %value_in_V), !map !20

ST_1: StgValue_50 (12)  [1/1] 0.00ns
:1  call void (...)* @_ssdm_op_SpecBitsMap(float* %value_out_V), !map !26

ST_1: StgValue_51 (13)  [1/1] 0.00ns
:2  call void (...)* @_ssdm_op_SpecBitsMap(i32 %delay), !map !30

ST_1: StgValue_52 (14)  [1/1] 0.00ns
:3  call void (...)* @_ssdm_op_SpecBitsMap(float %scale), !map !36

ST_1: StgValue_53 (15)  [1/1] 0.00ns
:4  call void (...)* @_ssdm_op_SpecTopModule([5 x i8]* @Echo_str) nounwind

ST_1: scale_read (16)  [1/1] 1.00ns
:5  %scale_read = call float @_ssdm_op_Read.s_axilite.float(float %scale)

ST_1: delay_read (17)  [1/1] 1.00ns
:6  %delay_read = call i32 @_ssdm_op_Read.s_axilite.i32(i32 %delay)

ST_1: StgValue_56 (18)  [1/1] 0.00ns  loc: src/Echo.cpp:23
:7  call void (...)* @_ssdm_op_SpecLatency(i32 12, i32 65535, [1 x i8]* @p_str) nounwind

ST_1: StgValue_57 (19)  [1/1] 0.00ns  loc: src/Echo.cpp:25
:8  call void (...)* @_ssdm_op_SpecInterface(i32 0, [13 x i8]* @p_str1, i32 0, i32 0, [1 x i8]* @p_str, i32 0, i32 0, [1 x i8]* @p_str, [1 x i8]* @p_str, [1 x i8]* @p_str, i32 0, i32 0, i32 0, i32 0, [1 x i8]* @p_str, [1 x i8]* @p_str) nounwind

ST_1: StgValue_58 (20)  [1/1] 0.00ns  loc: src/Echo.cpp:26
:9  call void (...)* @_ssdm_op_SpecInterface(i32 %delay, [10 x i8]* @p_str2, i32 0, i32 0, [1 x i8]* @p_str, i32 0, i32 0, [9 x i8]* @p_str3, [1 x i8]* @p_str, [1 x i8]* @p_str, i32 0, i32 0, i32 0, i32 0, [1 x i8]* @p_str, [1 x i8]* @p_str) nounwind

ST_1: StgValue_59 (21)  [1/1] 0.00ns  loc: src/Echo.cpp:27
:10  call void (...)* @_ssdm_op_SpecInterface(float %scale, [10 x i8]* @p_str2, i32 0, i32 0, [1 x i8]* @p_str, i32 0, i32 0, [9 x i8]* @p_str3, [1 x i8]* @p_str, [1 x i8]* @p_str, i32 0, i32 0, i32 0, i32 0, [1 x i8]* @p_str, [1 x i8]* @p_str) nounwind

ST_1: StgValue_60 (22)  [1/1] 0.00ns  loc: src/Echo.cpp:29
:11  call void (...)* @_ssdm_op_SpecInterface(float* %value_in_V, [5 x i8]* @p_str4, i32 1, i32 1, [5 x i8]* @p_str5, i32 0, i32 0, [1 x i8]* @p_str, [1 x i8]* @p_str, [1 x i8]* @p_str, i32 0, i32 0, i32 0, i32 0, [1 x i8]* @p_str, [1 x i8]* @p_str) nounwind

ST_1: StgValue_61 (23)  [1/1] 0.00ns  loc: src/Echo.cpp:30
:12  call void (...)* @_ssdm_op_SpecInterface(float* %value_out_V, [5 x i8]* @p_str4, i32 1, i32 1, [5 x i8]* @p_str5, i32 0, i32 0, [1 x i8]* @p_str, [1 x i8]* @p_str, [1 x i8]* @p_str, i32 0, i32 0, i32 0, i32 0, [1 x i8]* @p_str, [1 x i8]* @p_str) nounwind

ST_1: guard_variable_for_E (24)  [1/1] 0.00ns
:13  %guard_variable_for_E = load i1* @guard_variable_for_E, align 1

ST_1: readBuffer_load (25)  [1/1] 0.00ns  loc: src/Echo.cpp:39
:14  %readBuffer_load = load i32* @readBuffer, align 4

ST_1: StgValue_64 (26)  [1/1] 1.59ns  loc: src/Echo.cpp:33
:15  br i1 %guard_variable_for_E, label %._crit_edge, label %codeRepl1

ST_1: tmp_2_i (28)  [1/1] 2.90ns  loc: src/Echo.cpp:33
codeRepl1:0  %tmp_2_i = sub nsw i32 4800, %delay_read

ST_1: StgValue_66 (29)  [1/1] 0.00ns  loc: src/Echo.cpp:33
codeRepl1:1  store i1 true, i1* @guard_variable_for_E, align 1

ST_1: StgValue_67 (30)  [1/1] 1.59ns
codeRepl1:2  br label %._crit_edge


 <State 2>: 8.51ns
ST_2: readBuffer_loc (32)  [1/1] 0.00ns  loc: src/Echo.cpp:33
._crit_edge:0  %readBuffer_loc = phi i32 [ %tmp_2_i, %codeRepl1 ], [ %readBuffer_load, %0 ]

ST_2: guard_variable_for_E_1 (33)  [1/1] 0.00ns
._crit_edge:1  %guard_variable_for_E_1 = load i1* @guard_variable_for_E_1, align 1

ST_2: delaycheck_load (34)  [1/1] 0.00ns  loc: src/Echo.cpp:38
._crit_edge:2  %delaycheck_load = load i32* @delaycheck, align 4

ST_2: StgValue_71 (35)  [1/1] 1.59ns  loc: src/Echo.cpp:36
._crit_edge:3  br i1 %guard_variable_for_E_1, label %._crit_edge6, label %codeRepl

ST_2: StgValue_72 (37)  [1/1] 0.00ns  loc: src/Echo.cpp:36
codeRepl:0  store i1 true, i1* @guard_variable_for_E_1, align 1

ST_2: StgValue_73 (38)  [1/1] 1.59ns
codeRepl:1  br label %._crit_edge6

ST_2: delaycheck_flag (40)  [1/1] 0.00ns
._crit_edge6:0  %delaycheck_flag = phi i1 [ true, %codeRepl ], [ false, %._crit_edge ]

ST_2: delaycheck_loc (41)  [1/1] 0.00ns  loc: src/Echo.cpp:38 (grouped into LUT with out node tmp_4)
._crit_edge6:1  %delaycheck_loc = phi i32 [ %delay_read, %codeRepl ], [ %delaycheck_load, %._crit_edge ]

ST_2: tmp_4 (42)  [1/1] 3.26ns  loc: src/Echo.cpp:38 (out node of the LUT)
._crit_edge6:2  %tmp_4 = icmp eq i32 %delaycheck_loc, %delay_read

ST_2: writeBuffer_load (43)  [1/1] 0.00ns  loc: src/Echo.cpp:49
._crit_edge6:3  %writeBuffer_load = load i32* @writeBuffer, align 4

ST_2: StgValue_78 (44)  [1/1] 1.59ns  loc: src/Echo.cpp:38
._crit_edge6:4  br i1 %tmp_4, label %._crit_edge7, label %1

ST_2: tmp1 (46)  [1/1] 2.19ns  loc: src/Echo.cpp:39
:0  %tmp1 = add i32 %readBuffer_loc, 4800

ST_2: tmp_6 (47)  [1/1] 2.19ns  loc: src/Echo.cpp:39
:1  %tmp_6 = add i32 %tmp1, %delay_read

ST_2: tmp_7 (48)  [36/36] 4.13ns  loc: src/Echo.cpp:39
:2  %tmp_7 = srem i32 %tmp_6, 4800


 <State 3>: 4.13ns
ST_3: tmp_7 (48)  [35/36] 4.13ns  loc: src/Echo.cpp:39
:2  %tmp_7 = srem i32 %tmp_6, 4800


 <State 4>: 4.13ns
ST_4: tmp_7 (48)  [34/36] 4.13ns  loc: src/Echo.cpp:39
:2  %tmp_7 = srem i32 %tmp_6, 4800


 <State 5>: 4.13ns
ST_5: tmp_7 (48)  [33/36] 4.13ns  loc: src/Echo.cpp:39
:2  %tmp_7 = srem i32 %tmp_6, 4800


 <State 6>: 4.13ns
ST_6: tmp_7 (48)  [32/36] 4.13ns  loc: src/Echo.cpp:39
:2  %tmp_7 = srem i32 %tmp_6, 4800


 <State 7>: 4.13ns
ST_7: tmp_7 (48)  [31/36] 4.13ns  loc: src/Echo.cpp:39
:2  %tmp_7 = srem i32 %tmp_6, 4800


 <State 8>: 4.13ns
ST_8: tmp_7 (48)  [30/36] 4.13ns  loc: src/Echo.cpp:39
:2  %tmp_7 = srem i32 %tmp_6, 4800


 <State 9>: 4.13ns
ST_9: tmp_7 (48)  [29/36] 4.13ns  loc: src/Echo.cpp:39
:2  %tmp_7 = srem i32 %tmp_6, 4800


 <State 10>: 4.13ns
ST_10: tmp_7 (48)  [28/36] 4.13ns  loc: src/Echo.cpp:39
:2  %tmp_7 = srem i32 %tmp_6, 4800


 <State 11>: 4.13ns
ST_11: tmp_7 (48)  [27/36] 4.13ns  loc: src/Echo.cpp:39
:2  %tmp_7 = srem i32 %tmp_6, 4800


 <State 12>: 4.13ns
ST_12: tmp_7 (48)  [26/36] 4.13ns  loc: src/Echo.cpp:39
:2  %tmp_7 = srem i32 %tmp_6, 4800


 <State 13>: 4.13ns
ST_13: tmp_7 (48)  [25/36] 4.13ns  loc: src/Echo.cpp:39
:2  %tmp_7 = srem i32 %tmp_6, 4800


 <State 14>: 4.13ns
ST_14: tmp_7 (48)  [24/36] 4.13ns  loc: src/Echo.cpp:39
:2  %tmp_7 = srem i32 %tmp_6, 4800


 <State 15>: 4.13ns
ST_15: tmp_7 (48)  [23/36] 4.13ns  loc: src/Echo.cpp:39
:2  %tmp_7 = srem i32 %tmp_6, 4800


 <State 16>: 4.13ns
ST_16: tmp_7 (48)  [22/36] 4.13ns  loc: src/Echo.cpp:39
:2  %tmp_7 = srem i32 %tmp_6, 4800


 <State 17>: 4.13ns
ST_17: tmp_7 (48)  [21/36] 4.13ns  loc: src/Echo.cpp:39
:2  %tmp_7 = srem i32 %tmp_6, 4800


 <State 18>: 4.13ns
ST_18: tmp_7 (48)  [20/36] 4.13ns  loc: src/Echo.cpp:39
:2  %tmp_7 = srem i32 %tmp_6, 4800


 <State 19>: 4.13ns
ST_19: tmp_7 (48)  [19/36] 4.13ns  loc: src/Echo.cpp:39
:2  %tmp_7 = srem i32 %tmp_6, 4800


 <State 20>: 4.13ns
ST_20: tmp_7 (48)  [18/36] 4.13ns  loc: src/Echo.cpp:39
:2  %tmp_7 = srem i32 %tmp_6, 4800


 <State 21>: 4.13ns
ST_21: tmp_7 (48)  [17/36] 4.13ns  loc: src/Echo.cpp:39
:2  %tmp_7 = srem i32 %tmp_6, 4800


 <State 22>: 4.13ns
ST_22: tmp_7 (48)  [16/36] 4.13ns  loc: src/Echo.cpp:39
:2  %tmp_7 = srem i32 %tmp_6, 4800


 <State 23>: 4.13ns
ST_23: tmp_7 (48)  [15/36] 4.13ns  loc: src/Echo.cpp:39
:2  %tmp_7 = srem i32 %tmp_6, 4800


 <State 24>: 4.13ns
ST_24: tmp_7 (48)  [14/36] 4.13ns  loc: src/Echo.cpp:39
:2  %tmp_7 = srem i32 %tmp_6, 4800


 <State 25>: 4.13ns
ST_25: tmp_7 (48)  [13/36] 4.13ns  loc: src/Echo.cpp:39
:2  %tmp_7 = srem i32 %tmp_6, 4800


 <State 26>: 4.13ns
ST_26: tmp_7 (48)  [12/36] 4.13ns  loc: src/Echo.cpp:39
:2  %tmp_7 = srem i32 %tmp_6, 4800


 <State 27>: 4.13ns
ST_27: tmp_7 (48)  [11/36] 4.13ns  loc: src/Echo.cpp:39
:2  %tmp_7 = srem i32 %tmp_6, 4800


 <State 28>: 4.13ns
ST_28: tmp_7 (48)  [10/36] 4.13ns  loc: src/Echo.cpp:39
:2  %tmp_7 = srem i32 %tmp_6, 4800


 <State 29>: 4.13ns
ST_29: tmp_7 (48)  [9/36] 4.13ns  loc: src/Echo.cpp:39
:2  %tmp_7 = srem i32 %tmp_6, 4800


 <State 30>: 4.13ns
ST_30: tmp_7 (48)  [8/36] 4.13ns  loc: src/Echo.cpp:39
:2  %tmp_7 = srem i32 %tmp_6, 4800


 <State 31>: 4.13ns
ST_31: tmp_7 (48)  [7/36] 4.13ns  loc: src/Echo.cpp:39
:2  %tmp_7 = srem i32 %tmp_6, 4800


 <State 32>: 4.13ns
ST_32: tmp_7 (48)  [6/36] 4.13ns  loc: src/Echo.cpp:39
:2  %tmp_7 = srem i32 %tmp_6, 4800


 <State 33>: 4.13ns
ST_33: tmp_7 (48)  [5/36] 4.13ns  loc: src/Echo.cpp:39
:2  %tmp_7 = srem i32 %tmp_6, 4800


 <State 34>: 4.13ns
ST_34: tmp_7 (48)  [4/36] 4.13ns  loc: src/Echo.cpp:39
:2  %tmp_7 = srem i32 %tmp_6, 4800


 <State 35>: 4.13ns
ST_35: tmp_7 (48)  [3/36] 4.13ns  loc: src/Echo.cpp:39
:2  %tmp_7 = srem i32 %tmp_6, 4800


 <State 36>: 4.13ns
ST_36: tmp_7 (48)  [2/36] 4.13ns  loc: src/Echo.cpp:39
:2  %tmp_7 = srem i32 %tmp_6, 4800


 <State 37>: 5.72ns
ST_37: tmp_7 (48)  [1/36] 4.13ns  loc: src/Echo.cpp:39
:2  %tmp_7 = srem i32 %tmp_6, 4800

ST_37: StgValue_117 (49)  [1/1] 1.59ns  loc: src/Echo.cpp:41
:3  br label %._crit_edge7

ST_37: tmp_9 (54)  [1/1] 0.00ns  loc: src/Echo.cpp:47
._crit_edge7:3  %tmp_9 = sext i32 %readBuffer_loc to i64

ST_37: buffer_addr (55)  [1/1] 0.00ns  loc: src/Echo.cpp:47
._crit_edge7:4  %buffer_addr = getelementptr inbounds [4800 x float]* @buffer_r, i64 0, i64 %tmp_9

ST_37: buffer_load (56)  [2/2] 3.25ns  loc: src/Echo.cpp:47
._crit_edge7:5  %buffer_load = load float* %buffer_addr, align 4


 <State 38>: 3.25ns
ST_38: writeBuffer_loc (52)  [1/1] 0.00ns  loc: src/Echo.cpp:49
._crit_edge7:1  %writeBuffer_loc = phi i32 [ %writeBuffer_load, %._crit_edge6 ], [ %tmp_7, %1 ]

ST_38: buffer_load (56)  [1/2] 3.25ns  loc: src/Echo.cpp:47
._crit_edge7:5  %buffer_load = load float* %buffer_addr, align 4


 <State 39>: 5.70ns
ST_39: tmp_s (57)  [4/4] 5.70ns  loc: src/Echo.cpp:47
._crit_edge7:6  %tmp_s = fmul float %buffer_load, %scale_read


 <State 40>: 5.70ns
ST_40: tmp_s (57)  [3/4] 5.70ns  loc: src/Echo.cpp:47
._crit_edge7:6  %tmp_s = fmul float %buffer_load, %scale_read


 <State 41>: 5.70ns
ST_41: tmp_s (57)  [2/4] 5.70ns  loc: src/Echo.cpp:47
._crit_edge7:6  %tmp_s = fmul float %buffer_load, %scale_read


 <State 42>: 5.70ns
ST_42: tmp_10 (53)  [2/2] 0.00ns  loc: src/Echo.cpp:45
._crit_edge7:2  %tmp_10 = call float @_ssdm_op_Read.axis.volatile.floatP(float* %value_in_V)

ST_42: tmp_s (57)  [1/4] 5.70ns  loc: src/Echo.cpp:47
._crit_edge7:6  %tmp_s = fmul float %buffer_load, %scale_read


 <State 43>: 7.26ns
ST_43: tmp_10 (53)  [1/2] 0.00ns  loc: src/Echo.cpp:45
._crit_edge7:2  %tmp_10 = call float @_ssdm_op_Read.axis.volatile.floatP(float* %value_in_V)

ST_43: current_value (58)  [5/5] 7.26ns  loc: src/Echo.cpp:47
._crit_edge7:7  %current_value = fadd float %tmp_10, %tmp_s


 <State 44>: 7.26ns
ST_44: current_value (58)  [4/5] 7.26ns  loc: src/Echo.cpp:47
._crit_edge7:7  %current_value = fadd float %tmp_10, %tmp_s


 <State 45>: 7.26ns
ST_45: current_value (58)  [3/5] 7.26ns  loc: src/Echo.cpp:47
._crit_edge7:7  %current_value = fadd float %tmp_10, %tmp_s


 <State 46>: 7.26ns
ST_46: current_value (58)  [2/5] 7.26ns  loc: src/Echo.cpp:47
._crit_edge7:7  %current_value = fadd float %tmp_10, %tmp_s


 <State 47>: 7.26ns
ST_47: current_value (58)  [1/5] 7.26ns  loc: src/Echo.cpp:47
._crit_edge7:7  %current_value = fadd float %tmp_10, %tmp_s

ST_47: StgValue_134 (62)  [2/2] 0.00ns  loc: src/Echo.cpp:51
._crit_edge7:11  call void @_ssdm_op_Write.axis.volatile.floatP(float* %value_out_V, float %current_value)


 <State 48>: 5.33ns
ST_48: delaycheck_flag_1 (51)  [1/1] 0.00ns
._crit_edge7:0  %delaycheck_flag_1 = phi i1 [ %delaycheck_flag, %._crit_edge6 ], [ true, %1 ]

ST_48: tmp_8 (59)  [1/1] 0.00ns  loc: src/Echo.cpp:49
._crit_edge7:8  %tmp_8 = sext i32 %writeBuffer_loc to i64

ST_48: buffer_addr_1 (60)  [1/1] 0.00ns  loc: src/Echo.cpp:49
._crit_edge7:9  %buffer_addr_1 = getelementptr inbounds [4800 x float]* @buffer_r, i64 0, i64 %tmp_8

ST_48: StgValue_138 (61)  [1/1] 3.25ns  loc: src/Echo.cpp:49
._crit_edge7:10  store float %current_value, float* %buffer_addr_1, align 4

ST_48: StgValue_139 (62)  [1/2] 0.00ns  loc: src/Echo.cpp:51
._crit_edge7:11  call void @_ssdm_op_Write.axis.volatile.floatP(float* %value_out_V, float %current_value)

ST_48: tmp_3 (63)  [1/1] 3.26ns  loc: src/Echo.cpp:53
._crit_edge7:12  %tmp_3 = icmp slt i32 %readBuffer_loc, 4800

ST_48: tmp_5 (64)  [1/1] 2.90ns  loc: src/Echo.cpp:54
._crit_edge7:13  %tmp_5 = add nsw i32 %readBuffer_loc, 1

ST_48: storemerge (65)  [1/1] 2.07ns  loc: src/Echo.cpp:53
._crit_edge7:14  %storemerge = select i1 %tmp_3, i32 %tmp_5, i32 0

ST_48: tmp_1 (66)  [1/1] 3.26ns  loc: src/Echo.cpp:58
._crit_edge7:15  %tmp_1 = icmp slt i32 %writeBuffer_loc, 4800

ST_48: tmp_2 (67)  [1/1] 2.90ns  loc: src/Echo.cpp:59
._crit_edge7:16  %tmp_2 = add nsw i32 %writeBuffer_loc, 1

ST_48: storemerge5 (68)  [1/1] 2.07ns  loc: src/Echo.cpp:58
._crit_edge7:17  %storemerge5 = select i1 %tmp_1, i32 %tmp_2, i32 0

ST_48: StgValue_146 (69)  [1/1] 0.00ns  loc: src/Echo.cpp:39
._crit_edge7:18  store i32 %storemerge5, i32* @writeBuffer, align 4

ST_48: StgValue_147 (70)  [1/1] 0.00ns
._crit_edge7:19  br i1 %delaycheck_flag_1, label %mergeST2, label %._crit_edge7.new3

ST_48: StgValue_148 (72)  [1/1] 0.00ns  loc: src/Echo.cpp:36
mergeST2:0  store i32 %delay_read, i32* @delaycheck, align 4

ST_48: StgValue_149 (73)  [1/1] 0.00ns
mergeST2:1  br label %._crit_edge7.new3

ST_48: StgValue_150 (75)  [1/1] 0.00ns  loc: src/Echo.cpp:33
._crit_edge7.new3:0  store i32 %storemerge, i32* @readBuffer, align 4

ST_48: StgValue_151 (76)  [1/1] 0.00ns  loc: src/Echo.cpp:64
._crit_edge7.new3:1  ret void



============================================================
+ Verbose Summary: Binding
============================================================
STG Binding: 
---------------- STG Properties BEGIN ----------------
- Is combinational: 0
- Is one-state seq: 0
- Is datapath-only: 0
- Is pipelined: 0
- Is top level: 1
Port [ Return ] is wired: 1; IO mode=ap_ctrl_none:ce=0
Port [ value_in_V]:  wired=1; compound=1; hidden=0; nouse=0; global=0; static=0; extern=0; dir=0; type=0; pingpong=0; private_global=0; IO mode=axis:ce=0
Port [ value_out_V]:  wired=1; compound=1; hidden=0; nouse=0; global=0; static=0; extern=0; dir=1; type=0; pingpong=0; private_global=0; IO mode=axis:ce=0
Port [ delay]:  wired=1; compound=0; hidden=0; nouse=0; global=0; static=0; extern=0; dir=0; type=0; pingpong=0; private_global=0; IO mode=ap_none:ce=0
Port [ scale]:  wired=1; compound=0; hidden=0; nouse=0; global=0; static=0; extern=0; dir=0; type=0; pingpong=0; private_global=0; IO mode=ap_none:ce=0
Port [ guard_variable_for_E]:  wired=0; compound=0; hidden=1; nouse=0; global=1; static=1; extern=0; dir=2; type=0; pingpong=0; private_global=1; linkage=7; visibility=0; IO mode=ap_ovld:ce=0
Port [ readBuffer]:  wired=0; compound=0; hidden=1; nouse=0; global=1; static=1; extern=0; dir=2; type=0; pingpong=0; private_global=1; linkage=7; visibility=0; IO mode=ap_ovld:ce=0
Port [ guard_variable_for_E_1]:  wired=0; compound=0; hidden=1; nouse=0; global=1; static=1; extern=0; dir=2; type=0; pingpong=0; private_global=1; linkage=7; visibility=0; IO mode=ap_ovld:ce=0
Port [ delaycheck]:  wired=0; compound=0; hidden=1; nouse=0; global=1; static=1; extern=0; dir=2; type=0; pingpong=0; private_global=1; linkage=7; visibility=0; IO mode=ap_ovld:ce=0
Port [ writeBuffer]:  wired=0; compound=0; hidden=1; nouse=0; global=1; static=1; extern=0; dir=2; type=0; pingpong=0; private_global=1; linkage=7; visibility=0; IO mode=ap_ovld:ce=0
Port [ buffer_r]:  wired=0; compound=1; hidden=1; nouse=0; global=1; static=1; extern=0; dir=2; type=1; pingpong=0; private_global=1; linkage=7; visibility=0; MemPort=[23]; IO mode=ap_memory:ce=0
---------------- STG Properties END ------------------

---------------- Datapath Model BEGIN ----------------

<LifeTime>
<method=bitvector/>
StgValue_49            (specbitsmap  ) [ 0000000000000000000000000000000000000000000000000]
StgValue_50            (specbitsmap  ) [ 0000000000000000000000000000000000000000000000000]
StgValue_51            (specbitsmap  ) [ 0000000000000000000000000000000000000000000000000]
StgValue_52            (specbitsmap  ) [ 0000000000000000000000000000000000000000000000000]
StgValue_53            (spectopmodule) [ 0000000000000000000000000000000000000000000000000]
scale_read             (read         ) [ 0011111111111111111111111111111111111111111000000]
delay_read             (read         ) [ 0011111111111111111111111111111111111111111111111]
StgValue_56            (speclatency  ) [ 0000000000000000000000000000000000000000000000000]
StgValue_57            (specinterface) [ 0000000000000000000000000000000000000000000000000]
StgValue_58            (specinterface) [ 0000000000000000000000000000000000000000000000000]
StgValue_59            (specinterface) [ 0000000000000000000000000000000000000000000000000]
StgValue_60            (specinterface) [ 0000000000000000000000000000000000000000000000000]
StgValue_61            (specinterface) [ 0000000000000000000000000000000000000000000000000]
guard_variable_for_E   (load         ) [ 0100000000000000000000000000000000000000000000000]
readBuffer_load        (load         ) [ 0110000000000000000000000000000000000000000000000]
StgValue_64            (br           ) [ 0110000000000000000000000000000000000000000000000]
tmp_2_i                (sub          ) [ 0110000000000000000000000000000000000000000000000]
StgValue_66            (store        ) [ 0000000000000000000000000000000000000000000000000]
StgValue_67            (br           ) [ 0110000000000000000000000000000000000000000000000]
readBuffer_loc         (phi          ) [ 0011111111111111111111111111111111111111111111111]
guard_variable_for_E_1 (load         ) [ 0010000000000000000000000000000000000000000000000]
delaycheck_load        (load         ) [ 0000000000000000000000000000000000000000000000000]
StgValue_71            (br           ) [ 0000000000000000000000000000000000000000000000000]
StgValue_72            (store        ) [ 0000000000000000000000000000000000000000000000000]
StgValue_73            (br           ) [ 0000000000000000000000000000000000000000000000000]
delaycheck_flag        (phi          ) [ 0011111111111111111111111111111111111111111111111]
delaycheck_loc         (phi          ) [ 0010000000000000000000000000000000000000000000000]
tmp_4                  (icmp         ) [ 0011111111111111111111111111111111111100000000000]
writeBuffer_load       (load         ) [ 0011111111111111111111111111111111111110000000000]
StgValue_78            (br           ) [ 0011111111111111111111111111111111111111111111111]
tmp1                   (add          ) [ 0000000000000000000000000000000000000000000000000]
tmp_6                  (add          ) [ 0001111111111111111111111111111111111100000000000]
tmp_7                  (srem         ) [ 0010000000000000000000000000000000000110000000000]
StgValue_117           (br           ) [ 0010000000000000000000000000000000000111111111111]
tmp_9                  (sext         ) [ 0000000000000000000000000000000000000000000000000]
buffer_addr            (getelementptr) [ 0000000000000000000000000000000000000010000000000]
writeBuffer_loc        (phi          ) [ 0000000000000000000000000000000000000011111111111]
buffer_load            (load         ) [ 0000000000000000000000000000000000000001111000000]
tmp_s                  (fmul         ) [ 0000000000000000000000000000000000000000000111110]
tmp_10                 (read         ) [ 0000000000000000000000000000000000000000000011110]
current_value          (fadd         ) [ 0000000000000000000000000000000000000000000000001]
delaycheck_flag_1      (phi          ) [ 0000000000000000000000000000000000000000000000001]
tmp_8                  (sext         ) [ 0000000000000000000000000000000000000000000000000]
buffer_addr_1          (getelementptr) [ 0000000000000000000000000000000000000000000000000]
StgValue_138           (store        ) [ 0000000000000000000000000000000000000000000000000]
StgValue_139           (write        ) [ 0000000000000000000000000000000000000000000000000]
tmp_3                  (icmp         ) [ 0000000000000000000000000000000000000000000000000]
tmp_5                  (add          ) [ 0000000000000000000000000000000000000000000000000]
storemerge             (select       ) [ 0000000000000000000000000000000000000000000000000]
tmp_1                  (icmp         ) [ 0000000000000000000000000000000000000000000000000]
tmp_2                  (add          ) [ 0000000000000000000000000000000000000000000000000]
storemerge5            (select       ) [ 0000000000000000000000000000000000000000000000000]
StgValue_146           (store        ) [ 0000000000000000000000000000000000000000000000000]
StgValue_147           (br           ) [ 0000000000000000000000000000000000000000000000000]
StgValue_148           (store        ) [ 0000000000000000000000000000000000000000000000000]
StgValue_149           (br           ) [ 0000000000000000000000000000000000000000000000000]
StgValue_150           (store        ) [ 0000000000000000000000000000000000000000000000000]
StgValue_151           (ret          ) [ 0000000000000000000000000000000000000000000000000]
</LifeTime>

<model>

<comp_list>
<comp id="0" class="1000" name="value_in_V">
<pin_list>
<pin id="1" dir="1" index="0" bw="1" slack="0"/>
</pin_list>
<bind>
<StgValue><ssdm name="value_in_V"/></StgValue>
</bind>
</comp>

<comp id="2" class="1000" name="value_out_V">
<pin_list>
<pin id="3" dir="1" index="0" bw="1" slack="0"/>
</pin_list>
<bind>
<StgValue><ssdm name="value_out_V"/></StgValue>
</bind>
</comp>

<comp id="4" class="1000" name="delay">
<pin_list>
<pin id="5" dir="1" index="0" bw="1" slack="0"/>
</pin_list>
<bind>
<StgValue><ssdm name="delay"/></StgValue>
</bind>
</comp>

<comp id="6" class="1000" name="scale">
<pin_list>
<pin id="7" dir="1" index="0" bw="1" slack="0"/>
</pin_list>
<bind>
<StgValue><ssdm name="scale"/></StgValue>
</bind>
</comp>

<comp id="8" class="1000" name="guard_variable_for_E">
<pin_list>
<pin id="9" dir="1" index="0" bw="1" slack="0"/>
</pin_list>
<bind>
<StgValue><ssdm name="guard_variable_for_E"/></StgValue>
</bind>
</comp>

<comp id="10" class="1000" name="readBuffer">
<pin_list>
<pin id="11" dir="1" index="0" bw="1" slack="0"/>
</pin_list>
<bind>
<StgValue><ssdm name="readBuffer"/></StgValue>
</bind>
</comp>

<comp id="12" class="1000" name="guard_variable_for_E_1">
<pin_list>
<pin id="13" dir="1" index="0" bw="1" slack="0"/>
</pin_list>
<bind>
<StgValue><ssdm name="guard_variable_for_E_1"/></StgValue>
</bind>
</comp>

<comp id="14" class="1000" name="delaycheck">
<pin_list>
<pin id="15" dir="1" index="0" bw="1" slack="0"/>
</pin_list>
<bind>
<StgValue><ssdm name="delaycheck"/></StgValue>
</bind>
</comp>

<comp id="16" class="1000" name="writeBuffer">
<pin_list>
<pin id="17" dir="1" index="0" bw="1" slack="0"/>
</pin_list>
<bind>
<StgValue><ssdm name="writeBuffer"/></StgValue>
</bind>
</comp>

<comp id="18" class="1000" name="buffer_r">
<pin_list>
<pin id="19" dir="1" index="0" bw="1" slack="0"/>
</pin_list>
<bind>
<StgValue><ssdm name="buffer_r"/><MemPortTyVec>2 3 </MemPortTyVec>
</StgValue>
</bind>
</comp>

<comp id="20" class="1001" name="const_20">
<pin_list>
<pin id="21" dir="1" index="0" bw="1" slack="2147483647"/>
</pin_list>
<bind>
<StgValue><ssdm name="_ssdm_op_SpecBitsMap"/></StgValue>
</bind>
</comp>

<comp id="22" class="1001" name="const_22">
<pin_list>
<pin id="23" dir="1" index="0" bw="1" slack="2147483647"/>
</pin_list>
<bind>
<StgValue><ssdm name="_ssdm_op_SpecTopModule"/></StgValue>
</bind>
</comp>

<comp id="24" class="1001" name="const_24">
<pin_list>
<pin id="25" dir="1" index="0" bw="1" slack="2147483647"/>
</pin_list>
<bind>
<StgValue><ssdm name="Echo_str"/></StgValue>
</bind>
</comp>

<comp id="26" class="1001" name="const_26">
<pin_list>
<pin id="27" dir="1" index="0" bw="1" slack="0"/>
</pin_list>
<bind>
<StgValue><ssdm name="_ssdm_op_Read.s_axilite.float"/></StgValue>
</bind>
</comp>

<comp id="28" class="1001" name="const_28">
<pin_list>
<pin id="29" dir="1" index="0" bw="1" slack="0"/>
</pin_list>
<bind>
<StgValue><ssdm name="_ssdm_op_Read.s_axilite.i32"/></StgValue>
</bind>
</comp>

<comp id="30" class="1001" name="const_30">
<pin_list>
<pin id="31" dir="1" index="0" bw="1" slack="2147483647"/>
</pin_list>
<bind>
<StgValue><ssdm name="_ssdm_op_SpecLatency"/></StgValue>
</bind>
</comp>

<comp id="32" class="1001" name="const_32">
<pin_list>
<pin id="33" dir="1" index="0" bw="1" slack="2147483647"/>
</pin_list>
<bind>
<StgValue><ssdm name=""/></StgValue>
</bind>
</comp>

<comp id="34" class="1001" name="const_34">
<pin_list>
<pin id="35" dir="1" index="0" bw="1" slack="2147483647"/>
</pin_list>
<bind>
<StgValue><ssdm name=""/></StgValue>
</bind>
</comp>

<comp id="36" class="1001" name="const_36">
<pin_list>
<pin id="37" dir="1" index="0" bw="1" slack="2147483647"/>
</pin_list>
<bind>
<StgValue><ssdm name="p_str"/></StgValue>
</bind>
</comp>

<comp id="38" class="1001" name="const_38">
<pin_list>
<pin id="39" dir="1" index="0" bw="1" slack="2147483647"/>
</pin_list>
<bind>
<StgValue><ssdm name="_ssdm_op_SpecInterface"/></StgValue>
</bind>
</comp>

<comp id="40" class="1001" name="const_40">
<pin_list>
<pin id="41" dir="1" index="0" bw="1" slack="0"/>
</pin_list>
<bind>
<StgValue><ssdm name=""/></StgValue>
</bind>
</comp>

<comp id="42" class="1001" name="const_42">
<pin_list>
<pin id="43" dir="1" index="0" bw="1" slack="2147483647"/>
</pin_list>
<bind>
<StgValue><ssdm name="p_str1"/></StgValue>
</bind>
</comp>

<comp id="44" class="1001" name="const_44">
<pin_list>
<pin id="45" dir="1" index="0" bw="1" slack="2147483647"/>
</pin_list>
<bind>
<StgValue><ssdm name="p_str2"/></StgValue>
</bind>
</comp>

<comp id="46" class="1001" name="const_46">
<pin_list>
<pin id="47" dir="1" index="0" bw="1" slack="2147483647"/>
</pin_list>
<bind>
<StgValue><ssdm name="p_str3"/></StgValue>
</bind>
</comp>

<comp id="48" class="1001" name="const_48">
<pin_list>
<pin id="49" dir="1" index="0" bw="1" slack="2147483647"/>
</pin_list>
<bind>
<StgValue><ssdm name="p_str4"/></StgValue>
</bind>
</comp>

<comp id="50" class="1001" name="const_50">
<pin_list>
<pin id="51" dir="1" index="0" bw="1" slack="0"/>
</pin_list>
<bind>
<StgValue><ssdm name=""/></StgValue>
</bind>
</comp>

<comp id="52" class="1001" name="const_52">
<pin_list>
<pin id="53" dir="1" index="0" bw="1" slack="2147483647"/>
</pin_list>
<bind>
<StgValue><ssdm name="p_str5"/></StgValue>
</bind>
</comp>

<comp id="54" class="1001" name="const_54">
<pin_list>
<pin id="55" dir="1" index="0" bw="1" slack="0"/>
</pin_list>
<bind>
<StgValue><ssdm name=""/></StgValue>
</bind>
</comp>

<comp id="56" class="1001" name="const_56">
<pin_list>
<pin id="57" dir="1" index="0" bw="1" slack="0"/>
</pin_list>
<bind>
<StgValue><ssdm name=""/></StgValue>
</bind>
</comp>

<comp id="58" class="1001" name="const_58">
<pin_list>
<pin id="59" dir="1" index="0" bw="1" slack="0"/>
</pin_list>
<bind>
<StgValue><ssdm name=""/></StgValue>
</bind>
</comp>

<comp id="60" class="1001" name="const_60">
<pin_list>
<pin id="61" dir="1" index="0" bw="1" slack="0"/>
</pin_list>
<bind>
<StgValue><ssdm name=""/></StgValue>
</bind>
</comp>

<comp id="62" class="1001" name="const_62">
<pin_list>
<pin id="63" dir="1" index="0" bw="1" slack="0"/>
</pin_list>
<bind>
<StgValue><ssdm name="_ssdm_op_Read.axis.volatile.floatP"/></StgValue>
</bind>
</comp>

<comp id="64" class="1001" name="const_64">
<pin_list>
<pin id="65" dir="1" index="0" bw="1" slack="0"/>
</pin_list>
<bind>
<StgValue><ssdm name="_ssdm_op_Write.axis.volatile.floatP"/></StgValue>
</bind>
</comp>

<comp id="66" class="1004" name="scale_read_read_fu_66">
<pin_list>
<pin id="67" dir="0" index="0" bw="32" slack="0"/>
<pin id="68" dir="0" index="1" bw="32" slack="0"/>
<pin id="69" dir="1" index="2" bw="32" slack="38"/>
</pin_list>
<bind>
<opcode="read(1150) " fcode="read"/>
<opset="scale_read/1 "/>
</bind>
</comp>

<comp id="72" class="1004" name="delay_read_read_fu_72">
<pin_list>
<pin id="73" dir="0" index="0" bw="32" slack="0"/>
<pin id="74" dir="0" index="1" bw="32" slack="0"/>
<pin id="75" dir="1" index="2" bw="32" slack="0"/>
</pin_list>
<bind>
<opcode="read(1150) " fcode="read"/>
<opset="delay_read/1 "/>
</bind>
</comp>

<comp id="78" class="1004" name="grp_read_fu_78">
<pin_list>
<pin id="79" dir="0" index="0" bw="32" slack="0"/>
<pin id="80" dir="0" index="1" bw="32" slack="0"/>
<pin id="81" dir="1" index="2" bw="32" slack="0"/>
</pin_list>
<bind>
<opcode="read(1150) " fcode="read"/>
<opset="tmp_10/42 "/>
</bind>
</comp>

<comp id="84" class="1004" name="grp_write_fu_84">
<pin_list>
<pin id="85" dir="0" index="0" bw="0" slack="0"/>
<pin id="86" dir="0" index="1" bw="32" slack="0"/>
<pin id="87" dir="0" index="2" bw="32" slack="0"/>
<pin id="88" dir="1" index="3" bw="0" slack="2147483647"/>
</pin_list>
<bind>
<opcode="write(1151) " fcode="write"/>
<opset="StgValue_134/47 "/>
</bind>
</comp>

<comp id="91" class="1004" name="buffer_addr_gep_fu_91">
<pin_list>
<pin id="92" dir="0" index="0" bw="32" slack="0"/>
<pin id="93" dir="0" index="1" bw="1" slack="0"/>
<pin id="94" dir="0" index="2" bw="32" slack="0"/>
<pin id="95" dir="1" index="3" bw="13" slack="0"/>
</pin_list>
<bind>
<opcode="getelementptr(29) " fcode="getelementptr"/>
<opset="buffer_addr/37 "/>
</bind>
</comp>

<comp id="98" class="1004" name="grp_access_fu_98">
<pin_list>
<pin id="99" dir="0" index="0" bw="13" slack="0"/>
<pin id="100" dir="0" index="1" bw="32" slack="1"/>
<pin id="101" dir="1" index="2" bw="32" slack="1"/>
</pin_list>
<bind>
<opcode="load(27) store(28) " fcode="store"/>
<opset="buffer_load/37 StgValue_138/48 "/>
</bind>
</comp>

<comp id="103" class="1004" name="buffer_addr_1_gep_fu_103">
<pin_list>
<pin id="104" dir="0" index="0" bw="32" slack="0"/>
<pin id="105" dir="0" index="1" bw="1" slack="0"/>
<pin id="106" dir="0" index="2" bw="32" slack="0"/>
<pin id="107" dir="1" index="3" bw="13" slack="0"/>
</pin_list>
<bind>
<opcode="getelementptr(29) " fcode="getelementptr"/>
<opset="buffer_addr_1/48 "/>
</bind>
</comp>

<comp id="111" class="1005" name="readBuffer_loc_reg_111">
<pin_list>
<pin id="112" dir="0" index="0" bw="32" slack="35"/>
<pin id="113" dir="1" index="1" bw="32" slack="35"/>
</pin_list>
<bind>
<opset="readBuffer_loc (phireg) "/>
</bind>
</comp>

<comp id="114" class="1004" name="readBuffer_loc_phi_fu_114">
<pin_list>
<pin id="115" dir="0" index="0" bw="32" slack="1"/>
<pin id="116" dir="0" index="1" bw="0" slack="2147483647"/>
<pin id="117" dir="0" index="2" bw="32" slack="1"/>
<pin id="118" dir="0" index="3" bw="0" slack="2147483647"/>
<pin id="119" dir="1" index="4" bw="32" slack="0"/>
</pin_list>
<bind>
<opcode="phi(47) " fcode="phi"/>
<opset="readBuffer_loc/2 "/>
</bind>
</comp>

<comp id="121" class="1005" name="delaycheck_flag_reg_121">
<pin_list>
<pin id="122" dir="0" index="0" bw="1" slack="46"/>
<pin id="123" dir="1" index="1" bw="1" slack="46"/>
</pin_list>
<bind>
<opset="delaycheck_flag (phireg) "/>
</bind>
</comp>

<comp id="124" class="1004" name="delaycheck_flag_phi_fu_124">
<pin_list>
<pin id="125" dir="0" index="0" bw="1" slack="0"/>
<pin id="126" dir="0" index="1" bw="0" slack="2147483647"/>
<pin id="127" dir="0" index="2" bw="1" slack="0"/>
<pin id="128" dir="0" index="3" bw="0" slack="2147483647"/>
<pin id="129" dir="1" index="4" bw="1" slack="46"/>
</pin_list>
<bind>
<opcode="phi(47) " fcode="phi"/>
<opset="delaycheck_flag/2 "/>
</bind>
</comp>

<comp id="133" class="1005" name="delaycheck_loc_reg_133">
<pin_list>
<pin id="134" dir="0" index="0" bw="32" slack="2147483647"/>
<pin id="135" dir="1" index="1" bw="32" slack="2147483647"/>
</pin_list>
<bind>
<opset="delaycheck_loc (phireg) "/>
</bind>
</comp>

<comp id="136" class="1004" name="delaycheck_loc_phi_fu_136">
<pin_list>
<pin id="137" dir="0" index="0" bw="32" slack="1"/>
<pin id="138" dir="0" index="1" bw="0" slack="2147483647"/>
<pin id="139" dir="0" index="2" bw="32" slack="0"/>
<pin id="140" dir="0" index="3" bw="0" slack="2147483647"/>
<pin id="141" dir="1" index="4" bw="32" slack="0"/>
</pin_list>
<bind>
<opcode="phi(47) " fcode="phi"/>
<opset="delaycheck_loc/2 "/>
</bind>
</comp>

<comp id="142" class="1005" name="writeBuffer_loc_reg_142">
<pin_list>
<pin id="143" dir="0" index="0" bw="32" slack="10"/>
<pin id="144" dir="1" index="1" bw="32" slack="10"/>
</pin_list>
<bind>
<opset="writeBuffer_loc (phireg) "/>
</bind>
</comp>

<comp id="145" class="1004" name="writeBuffer_loc_phi_fu_145">
<pin_list>
<pin id="146" dir="0" index="0" bw="32" slack="36"/>
<pin id="147" dir="0" index="1" bw="0" slack="2147483647"/>
<pin id="148" dir="0" index="2" bw="14" slack="1"/>
<pin id="149" dir="0" index="3" bw="0" slack="2147483647"/>
<pin id="150" dir="1" index="4" bw="32" slack="10"/>
</pin_list>
<bind>
<opcode="phi(47) " fcode="phi"/>
<opset="writeBuffer_loc/38 "/>
</bind>
</comp>

<comp id="152" class="1005" name="delaycheck_flag_1_reg_152">
<pin_list>
<pin id="153" dir="0" index="0" bw="1" slack="11"/>
<pin id="154" dir="1" index="1" bw="1" slack="11"/>
</pin_list>
<bind>
<opset="delaycheck_flag_1 (phireg) "/>
</bind>
</comp>

<comp id="156" class="1004" name="delaycheck_flag_1_phi_fu_156">
<pin_list>
<pin id="157" dir="0" index="0" bw="1" slack="46"/>
<pin id="158" dir="0" index="1" bw="0" slack="2147483647"/>
<pin id="159" dir="0" index="2" bw="1" slack="11"/>
<pin id="160" dir="0" index="3" bw="0" slack="2147483647"/>
<pin id="161" dir="1" index="4" bw="1" slack="2147483647"/>
</pin_list>
<bind>
<opcode="phi(47) " fcode="phi"/>
<opset="delaycheck_flag_1/48 "/>
</bind>
</comp>

<comp id="164" class="1004" name="grp_fu_164">
<pin_list>
<pin id="165" dir="0" index="0" bw="32" slack="0"/>
<pin id="166" dir="0" index="1" bw="32" slack="1"/>
<pin id="167" dir="1" index="2" bw="32" slack="0"/>
</pin_list>
<bind>
<opcode="fadd(9) " fcode="fadd"/>
<opset="current_value/43 "/>
</bind>
</comp>

<comp id="170" class="1004" name="grp_fu_170">
<pin_list>
<pin id="171" dir="0" index="0" bw="32" slack="1"/>
<pin id="172" dir="0" index="1" bw="32" slack="38"/>
<pin id="173" dir="1" index="2" bw="32" slack="1"/>
</pin_list>
<bind>
<opcode="fmul(13) " fcode="fmul"/>
<opset="tmp_s/39 "/>
</bind>
</comp>

<comp id="174" class="1004" name="guard_variable_for_E_load_fu_174">
<pin_list>
<pin id="175" dir="0" index="0" bw="1" slack="0"/>
<pin id="176" dir="1" index="1" bw="1" slack="2147483647"/>
</pin_list>
<bind>
<opcode="load(27) " fcode="load"/>
<opset="guard_variable_for_E/1 "/>
</bind>
</comp>

<comp id="178" class="1004" name="readBuffer_load_load_fu_178">
<pin_list>
<pin id="179" dir="0" index="0" bw="32" slack="0"/>
<pin id="180" dir="1" index="1" bw="32" slack="1"/>
</pin_list>
<bind>
<opcode="load(27) " fcode="load"/>
<opset="readBuffer_load/1 "/>
</bind>
</comp>

<comp id="182" class="1004" name="tmp_2_i_fu_182">
<pin_list>
<pin id="183" dir="0" index="0" bw="14" slack="0"/>
<pin id="184" dir="0" index="1" bw="32" slack="0"/>
<pin id="185" dir="1" index="2" bw="32" slack="1"/>
</pin_list>
<bind>
<opcode="sub(10) " fcode="sub"/>
<opset="tmp_2_i/1 "/>
</bind>
</comp>

<comp id="188" class="1004" name="StgValue_66_store_fu_188">
<pin_list>
<pin id="189" dir="0" index="0" bw="1" slack="0"/>
<pin id="190" dir="0" index="1" bw="1" slack="0"/>
<pin id="191" dir="1" index="2" bw="0" slack="2147483647"/>
</pin_list>
<bind>
<opcode="store(28) " fcode="store"/>
<opset="StgValue_66/1 "/>
</bind>
</comp>

<comp id="194" class="1004" name="guard_variable_for_E_1_load_fu_194">
<pin_list>
<pin id="195" dir="0" index="0" bw="1" slack="0"/>
<pin id="196" dir="1" index="1" bw="1" slack="2147483647"/>
</pin_list>
<bind>
<opcode="load(27) " fcode="load"/>
<opset="guard_variable_for_E_1/2 "/>
</bind>
</comp>

<comp id="198" class="1004" name="delaycheck_load_load_fu_198">
<pin_list>
<pin id="199" dir="0" index="0" bw="32" slack="0"/>
<pin id="200" dir="1" index="1" bw="32" slack="0"/>
</pin_list>
<bind>
<opcode="load(27) " fcode="load"/>
<opset="delaycheck_load/2 "/>
</bind>
</comp>

<comp id="203" class="1004" name="StgValue_72_store_fu_203">
<pin_list>
<pin id="204" dir="0" index="0" bw="1" slack="0"/>
<pin id="205" dir="0" index="1" bw="1" slack="0"/>
<pin id="206" dir="1" index="2" bw="0" slack="2147483647"/>
</pin_list>
<bind>
<opcode="store(28) " fcode="store"/>
<opset="StgValue_72/2 "/>
</bind>
</comp>

<comp id="209" class="1004" name="tmp_4_fu_209">
<pin_list>
<pin id="210" dir="0" index="0" bw="32" slack="0"/>
<pin id="211" dir="0" index="1" bw="32" slack="1"/>
<pin id="212" dir="1" index="2" bw="1" slack="35"/>
</pin_list>
<bind>
<opcode="icmp(45) " fcode="icmp"/>
<opset="tmp_4/2 "/>
</bind>
</comp>

<comp id="214" class="1004" name="writeBuffer_load_load_fu_214">
<pin_list>
<pin id="215" dir="0" index="0" bw="32" slack="0"/>
<pin id="216" dir="1" index="1" bw="32" slack="36"/>
</pin_list>
<bind>
<opcode="load(27) " fcode="load"/>
<opset="writeBuffer_load/2 "/>
</bind>
</comp>

<comp id="218" class="1004" name="tmp1_fu_218">
<pin_list>
<pin id="219" dir="0" index="0" bw="32" slack="0"/>
<pin id="220" dir="0" index="1" bw="14" slack="0"/>
<pin id="221" dir="1" index="2" bw="32" slack="0"/>
</pin_list>
<bind>
<opcode="add(8) " fcode="add"/>
<opset="tmp1/2 "/>
</bind>
</comp>

<comp id="224" class="1004" name="tmp_6_fu_224">
<pin_list>
<pin id="225" dir="0" index="0" bw="32" slack="0"/>
<pin id="226" dir="0" index="1" bw="32" slack="1"/>
<pin id="227" dir="1" index="2" bw="32" slack="0"/>
</pin_list>
<bind>
<opcode="add(8) " fcode="add"/>
<opset="tmp_6/2 "/>
</bind>
</comp>

<comp id="229" class="1004" name="grp_fu_229">
<pin_list>
<pin id="230" dir="0" index="0" bw="32" slack="0"/>
<pin id="231" dir="0" index="1" bw="14" slack="0"/>
<pin id="232" dir="1" index="2" bw="32" slack="1"/>
</pin_list>
<bind>
<opcode="srem(18) " fcode="srem"/>
<opset="tmp_7/2 "/>
</bind>
</comp>

<comp id="235" class="1004" name="tmp_9_fu_235">
<pin_list>
<pin id="236" dir="0" index="0" bw="32" slack="35"/>
<pin id="237" dir="1" index="1" bw="64" slack="0"/>
</pin_list>
<bind>
<opcode="sext(35) " fcode="sext"/>
<opset="tmp_9/37 "/>
</bind>
</comp>

<comp id="240" class="1004" name="tmp_8_fu_240">
<pin_list>
<pin id="241" dir="0" index="0" bw="32" slack="10"/>
<pin id="242" dir="1" index="1" bw="64" slack="0"/>
</pin_list>
<bind>
<opcode="sext(35) " fcode="sext"/>
<opset="tmp_8/48 "/>
</bind>
</comp>

<comp id="245" class="1004" name="tmp_3_fu_245">
<pin_list>
<pin id="246" dir="0" index="0" bw="32" slack="46"/>
<pin id="247" dir="0" index="1" bw="14" slack="0"/>
<pin id="248" dir="1" index="2" bw="1" slack="0"/>
</pin_list>
<bind>
<opcode="icmp(45) " fcode="icmp"/>
<opset="tmp_3/48 "/>
</bind>
</comp>

<comp id="251" class="1004" name="tmp_5_fu_251">
<pin_list>
<pin id="252" dir="0" index="0" bw="32" slack="46"/>
<pin id="253" dir="0" index="1" bw="1" slack="0"/>
<pin id="254" dir="1" index="2" bw="32" slack="0"/>
</pin_list>
<bind>
<opcode="add(8) " fcode="add"/>
<opset="tmp_5/48 "/>
</bind>
</comp>

<comp id="257" class="1004" name="storemerge_fu_257">
<pin_list>
<pin id="258" dir="0" index="0" bw="1" slack="0"/>
<pin id="259" dir="0" index="1" bw="32" slack="0"/>
<pin id="260" dir="0" index="2" bw="1" slack="0"/>
<pin id="261" dir="1" index="3" bw="32" slack="0"/>
</pin_list>
<bind>
<opcode="select(49) " fcode="select"/>
<opset="storemerge/48 "/>
</bind>
</comp>

<comp id="265" class="1004" name="tmp_1_fu_265">
<pin_list>
<pin id="266" dir="0" index="0" bw="32" slack="10"/>
<pin id="267" dir="0" index="1" bw="14" slack="0"/>
<pin id="268" dir="1" index="2" bw="1" slack="0"/>
</pin_list>
<bind>
<opcode="icmp(45) " fcode="icmp"/>
<opset="tmp_1/48 "/>
</bind>
</comp>

<comp id="271" class="1004" name="tmp_2_fu_271">
<pin_list>
<pin id="272" dir="0" index="0" bw="32" slack="10"/>
<pin id="273" dir="0" index="1" bw="1" slack="0"/>
<pin id="274" dir="1" index="2" bw="32" slack="0"/>
</pin_list>
<bind>
<opcode="add(8) " fcode="add"/>
<opset="tmp_2/48 "/>
</bind>
</comp>

<comp id="277" class="1004" name="storemerge5_fu_277">
<pin_list>
<pin id="278" dir="0" index="0" bw="1" slack="0"/>
<pin id="279" dir="0" index="1" bw="32" slack="0"/>
<pin id="280" dir="0" index="2" bw="1" slack="0"/>
<pin id="281" dir="1" index="3" bw="32" slack="0"/>
</pin_list>
<bind>
<opcode="select(49) " fcode="select"/>
<opset="storemerge5/48 "/>
</bind>
</comp>

<comp id="285" class="1004" name="StgValue_146_store_fu_285">
<pin_list>
<pin id="286" dir="0" index="0" bw="32" slack="0"/>
<pin id="287" dir="0" index="1" bw="32" slack="0"/>
<pin id="288" dir="1" index="2" bw="0" slack="2147483647"/>
</pin_list>
<bind>
<opcode="store(28) " fcode="store"/>
<opset="StgValue_146/48 "/>
</bind>
</comp>

<comp id="291" class="1004" name="StgValue_148_store_fu_291">
<pin_list>
<pin id="292" dir="0" index="0" bw="32" slack="47"/>
<pin id="293" dir="0" index="1" bw="32" slack="0"/>
<pin id="294" dir="1" index="2" bw="0" slack="2147483647"/>
</pin_list>
<bind>
<opcode="store(28) " fcode="store"/>
<opset="StgValue_148/48 "/>
</bind>
</comp>

<comp id="296" class="1004" name="StgValue_150_store_fu_296">
<pin_list>
<pin id="297" dir="0" index="0" bw="32" slack="0"/>
<pin id="298" dir="0" index="1" bw="32" slack="0"/>
<pin id="299" dir="1" index="2" bw="0" slack="2147483647"/>
</pin_list>
<bind>
<opcode="store(28) " fcode="store"/>
<opset="StgValue_150/48 "/>
</bind>
</comp>

<comp id="302" class="1005" name="scale_read_reg_302">
<pin_list>
<pin id="303" dir="0" index="0" bw="32" slack="38"/>
<pin id="304" dir="1" index="1" bw="32" slack="38"/>
</pin_list>
<bind>
<opset="scale_read "/>
</bind>
</comp>

<comp id="307" class="1005" name="delay_read_reg_307">
<pin_list>
<pin id="308" dir="0" index="0" bw="32" slack="1"/>
<pin id="309" dir="1" index="1" bw="32" slack="1"/>
</pin_list>
<bind>
<opset="delay_read "/>
</bind>
</comp>

<comp id="318" class="1005" name="readBuffer_load_reg_318">
<pin_list>
<pin id="319" dir="0" index="0" bw="32" slack="1"/>
<pin id="320" dir="1" index="1" bw="32" slack="1"/>
</pin_list>
<bind>
<opset="readBuffer_load "/>
</bind>
</comp>

<comp id="323" class="1005" name="tmp_2_i_reg_323">
<pin_list>
<pin id="324" dir="0" index="0" bw="32" slack="1"/>
<pin id="325" dir="1" index="1" bw="32" slack="1"/>
</pin_list>
<bind>
<opset="tmp_2_i "/>
</bind>
</comp>

<comp id="331" class="1005" name="tmp_4_reg_331">
<pin_list>
<pin id="332" dir="0" index="0" bw="1" slack="35"/>
<pin id="333" dir="1" index="1" bw="1" slack="2147483647"/>
</pin_list>
<bind>
<opset="tmp_4 "/>
</bind>
</comp>

<comp id="335" class="1005" name="writeBuffer_load_reg_335">
<pin_list>
<pin id="336" dir="0" index="0" bw="32" slack="36"/>
<pin id="337" dir="1" index="1" bw="32" slack="36"/>
</pin_list>
<bind>
<opset="writeBuffer_load "/>
</bind>
</comp>

<comp id="340" class="1005" name="tmp_6_reg_340">
<pin_list>
<pin id="341" dir="0" index="0" bw="32" slack="1"/>
<pin id="342" dir="1" index="1" bw="32" slack="1"/>
</pin_list>
<bind>
<opset="tmp_6 "/>
</bind>
</comp>

<comp id="345" class="1005" name="tmp_7_reg_345">
<pin_list>
<pin id="346" dir="0" index="0" bw="32" slack="1"/>
<pin id="347" dir="1" index="1" bw="32" slack="1"/>
</pin_list>
<bind>
<opset="tmp_7 "/>
</bind>
</comp>

<comp id="350" class="1005" name="buffer_addr_reg_350">
<pin_list>
<pin id="351" dir="0" index="0" bw="13" slack="1"/>
<pin id="352" dir="1" index="1" bw="13" slack="1"/>
</pin_list>
<bind>
<opset="buffer_addr "/>
</bind>
</comp>

<comp id="355" class="1005" name="buffer_load_reg_355">
<pin_list>
<pin id="356" dir="0" index="0" bw="32" slack="1"/>
<pin id="357" dir="1" index="1" bw="32" slack="1"/>
</pin_list>
<bind>
<opset="buffer_load "/>
</bind>
</comp>

<comp id="360" class="1005" name="tmp_s_reg_360">
<pin_list>
<pin id="361" dir="0" index="0" bw="32" slack="1"/>
<pin id="362" dir="1" index="1" bw="32" slack="1"/>
</pin_list>
<bind>
<opset="tmp_s "/>
</bind>
</comp>

<comp id="365" class="1005" name="tmp_10_reg_365">
<pin_list>
<pin id="366" dir="0" index="0" bw="32" slack="1"/>
<pin id="367" dir="1" index="1" bw="32" slack="1"/>
</pin_list>
<bind>
<opset="tmp_10 "/>
</bind>
</comp>

<comp id="370" class="1005" name="current_value_reg_370">
<pin_list>
<pin id="371" dir="0" index="0" bw="32" slack="1"/>
<pin id="372" dir="1" index="1" bw="32" slack="1"/>
</pin_list>
<bind>
<opset="current_value "/>
</bind>
</comp>

</comp_list>

<net_list>
<net id="70"><net_src comp="26" pin="0"/><net_sink comp="66" pin=0"/></net>

<net id="71"><net_src comp="6" pin="0"/><net_sink comp="66" pin=1"/></net>

<net id="76"><net_src comp="28" pin="0"/><net_sink comp="72" pin=0"/></net>

<net id="77"><net_src comp="4" pin="0"/><net_sink comp="72" pin=1"/></net>

<net id="82"><net_src comp="62" pin="0"/><net_sink comp="78" pin=0"/></net>

<net id="83"><net_src comp="0" pin="0"/><net_sink comp="78" pin=1"/></net>

<net id="89"><net_src comp="64" pin="0"/><net_sink comp="84" pin=0"/></net>

<net id="90"><net_src comp="2" pin="0"/><net_sink comp="84" pin=1"/></net>

<net id="96"><net_src comp="18" pin="0"/><net_sink comp="91" pin=0"/></net>

<net id="97"><net_src comp="60" pin="0"/><net_sink comp="91" pin=1"/></net>

<net id="102"><net_src comp="91" pin="3"/><net_sink comp="98" pin=0"/></net>

<net id="108"><net_src comp="18" pin="0"/><net_sink comp="103" pin=0"/></net>

<net id="109"><net_src comp="60" pin="0"/><net_sink comp="103" pin=1"/></net>

<net id="110"><net_src comp="103" pin="3"/><net_sink comp="98" pin=0"/></net>

<net id="120"><net_src comp="114" pin="4"/><net_sink comp="111" pin=0"/></net>

<net id="130"><net_src comp="56" pin="0"/><net_sink comp="124" pin=0"/></net>

<net id="131"><net_src comp="58" pin="0"/><net_sink comp="124" pin=2"/></net>

<net id="132"><net_src comp="124" pin="4"/><net_sink comp="121" pin=0"/></net>

<net id="151"><net_src comp="145" pin="4"/><net_sink comp="142" pin=0"/></net>

<net id="155"><net_src comp="56" pin="0"/><net_sink comp="152" pin=0"/></net>

<net id="162"><net_src comp="121" pin="1"/><net_sink comp="156" pin=0"/></net>

<net id="163"><net_src comp="152" pin="1"/><net_sink comp="156" pin=2"/></net>

<net id="168"><net_src comp="164" pin="2"/><net_sink comp="84" pin=2"/></net>

<net id="169"><net_src comp="78" pin="2"/><net_sink comp="164" pin=0"/></net>

<net id="177"><net_src comp="8" pin="0"/><net_sink comp="174" pin=0"/></net>

<net id="181"><net_src comp="10" pin="0"/><net_sink comp="178" pin=0"/></net>

<net id="186"><net_src comp="54" pin="0"/><net_sink comp="182" pin=0"/></net>

<net id="187"><net_src comp="72" pin="2"/><net_sink comp="182" pin=1"/></net>

<net id="192"><net_src comp="56" pin="0"/><net_sink comp="188" pin=0"/></net>

<net id="193"><net_src comp="8" pin="0"/><net_sink comp="188" pin=1"/></net>

<net id="197"><net_src comp="12" pin="0"/><net_sink comp="194" pin=0"/></net>

<net id="201"><net_src comp="14" pin="0"/><net_sink comp="198" pin=0"/></net>

<net id="202"><net_src comp="198" pin="1"/><net_sink comp="136" pin=2"/></net>

<net id="207"><net_src comp="56" pin="0"/><net_sink comp="203" pin=0"/></net>

<net id="208"><net_src comp="12" pin="0"/><net_sink comp="203" pin=1"/></net>

<net id="213"><net_src comp="136" pin="4"/><net_sink comp="209" pin=0"/></net>

<net id="217"><net_src comp="16" pin="0"/><net_sink comp="214" pin=0"/></net>

<net id="222"><net_src comp="114" pin="4"/><net_sink comp="218" pin=0"/></net>

<net id="223"><net_src comp="54" pin="0"/><net_sink comp="218" pin=1"/></net>

<net id="228"><net_src comp="218" pin="2"/><net_sink comp="224" pin=0"/></net>

<net id="233"><net_src comp="224" pin="2"/><net_sink comp="229" pin=0"/></net>

<net id="234"><net_src comp="54" pin="0"/><net_sink comp="229" pin=1"/></net>

<net id="238"><net_src comp="111" pin="1"/><net_sink comp="235" pin=0"/></net>

<net id="239"><net_src comp="235" pin="1"/><net_sink comp="91" pin=2"/></net>

<net id="243"><net_src comp="142" pin="1"/><net_sink comp="240" pin=0"/></net>

<net id="244"><net_src comp="240" pin="1"/><net_sink comp="103" pin=2"/></net>

<net id="249"><net_src comp="111" pin="1"/><net_sink comp="245" pin=0"/></net>

<net id="250"><net_src comp="54" pin="0"/><net_sink comp="245" pin=1"/></net>

<net id="255"><net_src comp="111" pin="1"/><net_sink comp="251" pin=0"/></net>

<net id="256"><net_src comp="50" pin="0"/><net_sink comp="251" pin=1"/></net>

<net id="262"><net_src comp="245" pin="2"/><net_sink comp="257" pin=0"/></net>

<net id="263"><net_src comp="251" pin="2"/><net_sink comp="257" pin=1"/></net>

<net id="264"><net_src comp="40" pin="0"/><net_sink comp="257" pin=2"/></net>

<net id="269"><net_src comp="142" pin="1"/><net_sink comp="265" pin=0"/></net>

<net id="270"><net_src comp="54" pin="0"/><net_sink comp="265" pin=1"/></net>

<net id="275"><net_src comp="142" pin="1"/><net_sink comp="271" pin=0"/></net>

<net id="276"><net_src comp="50" pin="0"/><net_sink comp="271" pin=1"/></net>

<net id="282"><net_src comp="265" pin="2"/><net_sink comp="277" pin=0"/></net>

<net id="283"><net_src comp="271" pin="2"/><net_sink comp="277" pin=1"/></net>

<net id="284"><net_src comp="40" pin="0"/><net_sink comp="277" pin=2"/></net>

<net id="289"><net_src comp="277" pin="3"/><net_sink comp="285" pin=0"/></net>

<net id="290"><net_src comp="16" pin="0"/><net_sink comp="285" pin=1"/></net>

<net id="295"><net_src comp="14" pin="0"/><net_sink comp="291" pin=1"/></net>

<net id="300"><net_src comp="257" pin="3"/><net_sink comp="296" pin=0"/></net>

<net id="301"><net_src comp="10" pin="0"/><net_sink comp="296" pin=1"/></net>

<net id="305"><net_src comp="66" pin="2"/><net_sink comp="302" pin=0"/></net>

<net id="306"><net_src comp="302" pin="1"/><net_sink comp="170" pin=1"/></net>

<net id="310"><net_src comp="72" pin="2"/><net_sink comp="307" pin=0"/></net>

<net id="311"><net_src comp="307" pin="1"/><net_sink comp="136" pin=0"/></net>

<net id="312"><net_src comp="307" pin="1"/><net_sink comp="209" pin=1"/></net>

<net id="313"><net_src comp="307" pin="1"/><net_sink comp="224" pin=1"/></net>

<net id="314"><net_src comp="307" pin="1"/><net_sink comp="291" pin=0"/></net>

<net id="321"><net_src comp="178" pin="1"/><net_sink comp="318" pin=0"/></net>

<net id="322"><net_src comp="318" pin="1"/><net_sink comp="114" pin=2"/></net>

<net id="326"><net_src comp="182" pin="2"/><net_sink comp="323" pin=0"/></net>

<net id="327"><net_src comp="323" pin="1"/><net_sink comp="114" pin=0"/></net>

<net id="334"><net_src comp="209" pin="2"/><net_sink comp="331" pin=0"/></net>

<net id="338"><net_src comp="214" pin="1"/><net_sink comp="335" pin=0"/></net>

<net id="339"><net_src comp="335" pin="1"/><net_sink comp="145" pin=0"/></net>

<net id="343"><net_src comp="224" pin="2"/><net_sink comp="340" pin=0"/></net>

<net id="344"><net_src comp="340" pin="1"/><net_sink comp="229" pin=0"/></net>

<net id="348"><net_src comp="229" pin="2"/><net_sink comp="345" pin=0"/></net>

<net id="349"><net_src comp="345" pin="1"/><net_sink comp="145" pin=2"/></net>

<net id="353"><net_src comp="91" pin="3"/><net_sink comp="350" pin=0"/></net>

<net id="354"><net_src comp="350" pin="1"/><net_sink comp="98" pin=0"/></net>

<net id="358"><net_src comp="98" pin="2"/><net_sink comp="355" pin=0"/></net>

<net id="359"><net_src comp="355" pin="1"/><net_sink comp="170" pin=0"/></net>

<net id="363"><net_src comp="170" pin="2"/><net_sink comp="360" pin=0"/></net>

<net id="364"><net_src comp="360" pin="1"/><net_sink comp="164" pin=1"/></net>

<net id="368"><net_src comp="78" pin="2"/><net_sink comp="365" pin=0"/></net>

<net id="369"><net_src comp="365" pin="1"/><net_sink comp="164" pin=0"/></net>

<net id="373"><net_src comp="164" pin="2"/><net_sink comp="370" pin=0"/></net>

<net id="374"><net_src comp="370" pin="1"/><net_sink comp="98" pin=1"/></net>

<net id="375"><net_src comp="370" pin="1"/><net_sink comp="84" pin=2"/></net>

</net_list>

</model> 
---------------- Datapath Model END ------------------

* FSMD analyzer results:
  - Output states:
	Port: value_out_V | {48 }
	Port: guard_variable_for_E | {1 }
	Port: readBuffer | {48 }
	Port: guard_variable_for_E_1 | {2 }
	Port: delaycheck | {48 }
	Port: writeBuffer | {48 }
	Port: buffer_r | {48 }
 - Input state : 
	Port: Echo : value_in_V | {42 }
	Port: Echo : delay | {1 }
	Port: Echo : scale | {1 }
	Port: Echo : guard_variable_for_E | {1 }
	Port: Echo : readBuffer | {1 }
	Port: Echo : guard_variable_for_E_1 | {2 }
	Port: Echo : delaycheck | {2 }
	Port: Echo : writeBuffer | {2 }
	Port: Echo : buffer_r | {37 38 }
  - Chain level:
	State 1
		StgValue_64 : 1
	State 2
		StgValue_71 : 1
		delaycheck_flag : 2
		delaycheck_loc : 2
		tmp_4 : 3
		StgValue_78 : 4
		tmp1 : 1
		tmp_6 : 2
		tmp_7 : 3
	State 3
	State 4
	State 5
	State 6
	State 7
	State 8
	State 9
	State 10
	State 11
	State 12
	State 13
	State 14
	State 15
	State 16
	State 17
	State 18
	State 19
	State 20
	State 21
	State 22
	State 23
	State 24
	State 25
	State 26
	State 27
	State 28
	State 29
	State 30
	State 31
	State 32
	State 33
	State 34
	State 35
	State 36
	State 37
		buffer_addr : 1
		buffer_load : 2
	State 38
	State 39
	State 40
	State 41
	State 42
	State 43
	State 44
	State 45
	State 46
	State 47
		StgValue_134 : 1
	State 48
		buffer_addr_1 : 1
		StgValue_138 : 2
		storemerge : 1
		storemerge5 : 1
		StgValue_146 : 2
		StgValue_147 : 1
		StgValue_150 : 2


============================================================
+ Verbose Summary: Datapath Resource usage 
============================================================

* Functional unit list:
|----------|-----------------------|---------|---------|---------|
| Operation|    Functional Unit    |  DSP48E |    FF   |   LUT   |
|----------|-----------------------|---------|---------|---------|
|   srem   |       grp_fu_229      |    0    |   394   |   238   |
|----------|-----------------------|---------|---------|---------|
|   fadd   |       grp_fu_164      |    2    |   205   |   390   |
|----------|-----------------------|---------|---------|---------|
|   fmul   |       grp_fu_170      |    3    |   143   |   321   |
|----------|-----------------------|---------|---------|---------|
|          |      tmp1_fu_218      |    0    |    0    |    32   |
|    add   |      tmp_6_fu_224     |    0    |    0    |    32   |
|          |      tmp_5_fu_251     |    0    |   101   |    37   |
|          |      tmp_2_fu_271     |    0    |   101   |    37   |
|----------|-----------------------|---------|---------|---------|
|    sub   |     tmp_2_i_fu_182    |    0    |   101   |    37   |
|----------|-----------------------|---------|---------|---------|
|  select  |   storemerge_fu_257   |    0    |    0    |    32   |
|          |   storemerge5_fu_277  |    0    |    0    |    32   |
|----------|-----------------------|---------|---------|---------|
|          |      tmp_4_fu_209     |    0    |    0    |    16   |
|   icmp   |      tmp_3_fu_245     |    0    |    0    |    16   |
|          |      tmp_1_fu_265     |    0    |    0    |    16   |
|----------|-----------------------|---------|---------|---------|
|          | scale_read_read_fu_66 |    0    |    0    |    0    |
|   read   | delay_read_read_fu_72 |    0    |    0    |    0    |
|          |     grp_read_fu_78    |    0    |    0    |    0    |
|----------|-----------------------|---------|---------|---------|
|   write  |    grp_write_fu_84    |    0    |    0    |    0    |
|----------|-----------------------|---------|---------|---------|
|   sext   |      tmp_9_fu_235     |    0    |    0    |    0    |
|          |      tmp_8_fu_240     |    0    |    0    |    0    |
|----------|-----------------------|---------|---------|---------|
|   Total  |                       |    5    |   1045  |   1236  |
|----------|-----------------------|---------|---------|---------|

Memories:
+--------+--------+--------+--------+
|        |  BRAM  |   FF   |   LUT  |
+--------+--------+--------+--------+
|buffer_r|   16   |    0   |    0   |
+--------+--------+--------+--------+
|  Total |   16   |    0   |    0   |
+--------+--------+--------+--------+

* Register list:
+-------------------------+--------+
|                         |   FF   |
+-------------------------+--------+
|   buffer_addr_reg_350   |   13   |
|   buffer_load_reg_355   |   32   |
|  current_value_reg_370  |   32   |
|    delay_read_reg_307   |   32   |
|delaycheck_flag_1_reg_152|    1   |
| delaycheck_flag_reg_121 |    1   |
|  delaycheck_loc_reg_133 |   32   |
| readBuffer_load_reg_318 |   32   |
|  readBuffer_loc_reg_111 |   32   |
|    scale_read_reg_302   |   32   |
|      tmp_10_reg_365     |   32   |
|     tmp_2_i_reg_323     |   32   |
|      tmp_4_reg_331      |    1   |
|      tmp_6_reg_340      |   32   |
|      tmp_7_reg_345      |   32   |
|      tmp_s_reg_360      |   32   |
| writeBuffer_load_reg_335|   32   |
| writeBuffer_loc_reg_142 |   32   |
+-------------------------+--------+
|          Total          |   464  |
+-------------------------+--------+

* Multiplexer (MUX) list: 
|------------------|------|------|------|--------||---------||---------|
|       Comp       |  Pin | Size |  BW  | S x BW ||  Delay  ||   LUT   |
|------------------|------|------|------|--------||---------||---------|
|  grp_write_fu_84 |  p2  |   2  |  32  |   64   ||    9    |
| grp_access_fu_98 |  p0  |   3  |  13  |   39   ||    15   |
|    grp_fu_164    |  p0  |   2  |  32  |   64   ||    9    |
|    grp_fu_229    |  p0  |   2  |  32  |   64   ||    9    |
|------------------|------|------|------|--------||---------||---------|
|       Total      |      |      |      |   231  ||  6.537  ||    42   |
|------------------|------|------|------|--------||---------||---------|



* Summary:
+-----------+--------+--------+--------+--------+--------+
|           |  BRAM  | DSP48E |  Delay |   FF   |   LUT  |
+-----------+--------+--------+--------+--------+--------+
|  Function |    -   |    5   |    -   |  1045  |  1236  |
|   Memory  |   16   |    -   |    -   |    0   |    0   |
|Multiplexer|    -   |    -   |    6   |    -   |   42   |
|  Register |    -   |    -   |    -   |   464  |    -   |
+-----------+--------+--------+--------+--------+--------+
|   Total   |   16   |    5   |    6   |  1509  |  1278  |
+-----------+--------+--------+--------+--------+--------+
